[0.225s] Invoking command in '/home/yanji/robot_screwing/build/robot_msgs': CMAKE_PREFIX_PATH=${CMAKE_PREFIX_PATH}:/home/yanji/robot_screwing/install/real_robot:/home/yanji/robot_screwing/install/mj_sim:/opt/ros/foxy CONDA_PROMPT_MODIFIER=(screwrobot) /usr/bin/cmake --build /home/yanji/robot_screwing/build/robot_msgs -- -j24 -l24
[0.239s] -- Found ament_cmake: 0.9.12 (/opt/ros/foxy/share/ament_cmake/cmake)
[0.249s] -- Found PythonInterp: /home/yanji/anaconda3/envs/screwrobot/bin/python3 (found suitable version "3.8.20", minimum required is "3") 
[0.249s] -- Using PYTHON_EXECUTABLE: /home/yanji/anaconda3/envs/screwrobot/bin/python3
[0.317s] -- Found rosidl_default_generators: 1.0.1 (/opt/ros/foxy/share/rosidl_default_generators/cmake)
[0.318s] -- Using all available rosidl_typesupport_c: rosidl_typesupport_fastrtps_c;rosidl_typesupport_introspection_c
[0.319s] -- Found rosidl_adapter: 1.3.1 (/opt/ros/foxy/share/rosidl_adapter/cmake)
[0.392s] -- Using all available rosidl_typesupport_cpp: rosidl_typesupport_fastrtps_cpp;rosidl_typesupport_introspection_cpp
[0.402s] -- Found rclpy: 1.0.13 (/opt/ros/foxy/share/rclpy/cmake)
[0.402s] -- Found std_msgs: 2.0.5 (/opt/ros/foxy/share/std_msgs/cmake)
[0.428s] -- Found PythonInterp: /home/yanji/anaconda3/envs/screwrobot/bin/python3 (found version "3.8.20") 
[0.459s] CMake Error at /opt/ros/foxy/share/rosidl_adapter/cmake/rosidl_adapt_interfaces.cmake:60 (message):
[0.459s]   execute_process(/home/yanji/anaconda3/envs/screwrobot/bin/python3 -m
[0.459s]   rosidl_adapter --package-name robot_msgs --arguments-file
[0.459s]   /home/yanji/robot_screwing/build/robot_msgs/rosidl_adapter__arguments__robot_msgs.json
[0.459s]   --output-dir
[0.459s]   /home/yanji/robot_screwing/build/robot_msgs/rosidl_adapter/robot_msgs
[0.459s]   --output-file
[0.459s]   /home/yanji/robot_screwing/build/robot_msgs/rosidl_adapter/robot_msgs.idls)
[0.459s]   returned error code 1:
[0.459s] 
[0.459s]   Error processing 'int stop' of 'robot_msgs/RefStatus': ''int' is an invalid
[0.459s]   message name.  It should have the pattern '^[A-Z][A-Za-z0-9]*$''
[0.459s] 
[0.460s]   Traceback (most recent call last):
[0.460s] 
[0.460s]     File "/home/yanji/anaconda3/envs/screwrobot/lib/python3.8/runpy.py", line 194, in _run_module_as_main
[0.460s]       return _run_code(code, main_globals, None,
[0.460s]     File "/home/yanji/anaconda3/envs/screwrobot/lib/python3.8/runpy.py", line 87, in _run_code
[0.460s]       exec(code, run_globals)
[0.460s]     File "/opt/ros/foxy/lib/python3.8/site-packages/rosidl_adapter/__main__.py", line 19, in <module>
[0.460s]       sys.exit(main())
[0.460s]     File "/opt/ros/foxy/lib/python3.8/site-packages/rosidl_adapter/main.py", line 53, in main
[0.460s]       abs_idl_file = convert_to_idl(
[0.460s]     File "/opt/ros/foxy/lib/python3.8/site-packages/rosidl_adapter/__init__.py", line 19, in convert_to_idl
[0.460s]       return convert_msg_to_idl(
[0.460s]     File "/opt/ros/foxy/lib/python3.8/site-packages/rosidl_adapter/msg/__init__.py", line 28, in convert_msg_to_idl
[0.460s]       msg = parse_message_string(package_name, input_file.stem, content)
[0.460s]     File "/opt/ros/foxy/lib/python3.8/site-packages/rosidl_adapter/parser.py", line 516, in parse_message_string
[0.460s]       Type(type_string, context_package_name=pkg_name),
[0.460s]     File "/opt/ros/foxy/lib/python3.8/site-packages/rosidl_adapter/parser.py", line 276, in __init__
[0.460s]       super(Type, self).__init__(
[0.460s]     File "/opt/ros/foxy/lib/python3.8/site-packages/rosidl_adapter/parser.py", line 204, in __init__
[0.460s]       raise InvalidResourceName(
[0.460s] 
[0.460s]   rosidl_adapter.parser.InvalidResourceName: 'int' is an invalid message
[0.460s]   name.  It should have the pattern '^[A-Z][A-Za-z0-9]*$'
[0.460s] 
[0.460s] Call Stack (most recent call first):
[0.460s]   /opt/ros/foxy/share/rosidl_cmake/cmake/rosidl_generate_interfaces.cmake:130 (rosidl_adapt_interfaces)
[0.460s]   CMakeLists.txt:24 (rosidl_generate_interfaces)
[0.460s] 
[0.460s] 
[0.460s] -- Configuring incomplete, errors occurred!
[0.460s] See also "/home/yanji/robot_screwing/build/robot_msgs/CMakeFiles/CMakeOutput.log".
[0.463s] make: *** [Makefile:1708：cmake_check_build_system] 错误 1
[0.464s] Invoked command in '/home/yanji/robot_screwing/build/robot_msgs' returned '2': CMAKE_PREFIX_PATH=${CMAKE_PREFIX_PATH}:/home/yanji/robot_screwing/install/real_robot:/home/yanji/robot_screwing/install/mj_sim:/opt/ros/foxy CONDA_PROMPT_MODIFIER=(screwrobot) /usr/bin/cmake --build /home/yanji/robot_screwing/build/robot_msgs -- -j24 -l24
